D, [2015-06-11T19:37:31.601902 #11191] DEBUG -- : 
-----------------
D, [2015-06-11T19:37:31.602016 #11191] DEBUG -- : start handling emo 51
D, [2015-06-11T19:37:31.602038 #11191] DEBUG -- : generating training data...
D, [2015-06-11T19:37:31.661479 #11191] DEBUG -- : 0
D, [2015-06-11T19:37:35.735503 #11191] DEBUG -- : 1000
D, [2015-06-11T19:37:40.056869 #11191] DEBUG -- : 2000
D, [2015-06-11T19:37:44.940693 #11191] DEBUG -- : 3000
D, [2015-06-11T19:37:50.032761 #11191] DEBUG -- : 4000
D, [2015-06-11T19:37:55.656309 #11191] DEBUG -- : 5000
D, [2015-06-11T19:38:01.845266 #11191] DEBUG -- : 6000
D, [2015-06-11T19:38:07.947556 #11191] DEBUG -- : 7000
D, [2015-06-11T19:38:14.448446 #11191] DEBUG -- : 8000
D, [2015-06-11T19:38:20.809478 #11191] DEBUG -- : 9000
D, [2015-06-11T19:38:27.205383 #11191] DEBUG -- : 10000
D, [2015-06-11T19:38:35.380747 #11191] DEBUG -- : 11000
D, [2015-06-11T19:38:43.518444 #11191] DEBUG -- : 12000
D, [2015-06-11T19:38:50.830886 #11191] DEBUG -- : 13000
D, [2015-06-11T19:38:59.825174 #11191] DEBUG -- : 14000
D, [2015-06-11T19:39:07.822972 #11191] DEBUG -- : 15000
D, [2015-06-11T19:39:16.859377 #11191] DEBUG -- : 16000
D, [2015-06-11T19:39:26.234263 #11191] DEBUG -- : 17000
D, [2015-06-11T19:39:36.183961 #11191] DEBUG -- : 18000
D, [2015-06-11T19:39:50.214542 #11191] DEBUG -- : 19000
D, [2015-06-11T19:40:04.520411 #11191] DEBUG -- : 20000
D, [2015-06-11T19:40:04.521728 #11191] DEBUG -- : training model...
iter  1 act 1.721e+04 pre 1.706e+04 delta 1.692e+00 f 1.983e+04 |g| 2.034e+04 CG   1
cg reaches trust region boundary
iter  2 act -1.483e+02 pre 5.236e+02 delta 7.363e-01 f 2.624e+03 |g| 1.120e+03 CG   3
cg reaches trust region boundary
iter  2 act 3.062e+02 pre 3.504e+02 delta 8.669e-01 f 2.624e+03 |g| 1.120e+03 CG   2
cg reaches trust region boundary
iter  3 act 1.286e+02 pre 1.370e+02 delta 1.035e+00 f 2.318e+03 |g| 4.187e+02 CG   3
cg reaches trust region boundary
iter  4 act 1.118e+02 pre 1.022e+02 delta 1.163e+00 f 2.189e+03 |g| 3.578e+02 CG   4
cg reaches trust region boundary
iter  5 act 1.087e+02 pre 1.236e+02 delta 1.196e+00 f 2.077e+03 |g| 3.384e+02 CG   4
cg reaches trust region boundary
iter  6 act 1.134e+02 pre 1.056e+02 delta 1.577e+00 f 1.969e+03 |g| 3.727e+02 CG   4
cg reaches trust region boundary
iter  7 act 8.527e+01 pre 8.750e+01 delta 1.603e+00 f 1.855e+03 |g| 2.145e+02 CG   4
cg reaches trust region boundary
iter  8 act 1.041e+02 pre 1.028e+02 delta 1.826e+00 f 1.770e+03 |g| 2.897e+02 CG   5
cg reaches trust region boundary
iter  9 act 7.622e+01 pre 8.125e+01 delta 1.827e+00 f 1.666e+03 |g| 2.365e+02 CG   5
cg reaches trust region boundary
iter 10 act 8.676e+01 pre 8.822e+01 delta 2.114e+00 f 1.590e+03 |g| 2.726e+02 CG   5
cg reaches trust region boundary
iter 11 act 5.667e+01 pre 6.323e+01 delta 2.114e+00 f 1.503e+03 |g| 1.820e+02 CG   6
cg reaches trust region boundary
iter 12 act 6.207e+01 pre 6.484e+01 delta 2.138e+00 f 1.446e+03 |g| 1.979e+02 CG   7
cg reaches trust region boundary
iter 13 act 4.441e+01 pre 4.882e+01 delta 2.138e+00 f 1.384e+03 |g| 1.458e+02 CG   7
cg reaches trust region boundary
iter 14 act 3.579e+01 pre 3.765e+01 delta 2.149e+00 f 1.340e+03 |g| 1.230e+02 CG   7
cg reaches trust region boundary
iter 15 act 2.112e+01 pre 2.555e+01 delta 2.149e+00 f 1.304e+03 |g| 8.100e+01 CG   9
cg reaches trust region boundary
iter 16 act 1.778e+01 pre 2.018e+01 delta 2.149e+00 f 1.283e+03 |g| 7.673e+01 CG  11
D, [2015-06-11T20:23:48.498775 #11191] DEBUG -- : saving model...
D, [2015-06-11T20:23:48.904337 #11191] DEBUG -- : 
-----------------
D, [2015-06-11T20:23:48.904628 #11191] DEBUG -- : start handling emo 82
D, [2015-06-11T20:23:48.904653 #11191] DEBUG -- : generating training data...
D, [2015-06-11T20:23:49.608596 #11191] DEBUG -- : 0
D, [2015-06-11T20:23:57.736286 #11191] DEBUG -- : 1000
D, [2015-06-11T20:24:02.298019 #11191] DEBUG -- : 2000
D, [2015-06-11T20:24:07.198813 #11191] DEBUG -- : 3000
D, [2015-06-11T20:24:12.660762 #11191] DEBUG -- : 4000
D, [2015-06-11T20:24:18.742240 #11191] DEBUG -- : 5000
D, [2015-06-11T20:24:24.874457 #11191] DEBUG -- : 6000
D, [2015-06-11T20:24:31.825247 #11191] DEBUG -- : 7000
D, [2015-06-11T20:24:38.556658 #11191] DEBUG -- : 8000
D, [2015-06-11T20:24:45.744585 #11191] DEBUG -- : 9000
D, [2015-06-11T20:24:53.566247 #11191] DEBUG -- : 10000
D, [2015-06-11T20:25:01.322751 #11191] DEBUG -- : 11000
D, [2015-06-11T20:25:09.682378 #11191] DEBUG -- : 12000
D, [2015-06-11T20:25:20.332872 #11191] DEBUG -- : 13000
D, [2015-06-11T20:25:31.524371 #11191] DEBUG -- : 14000
D, [2015-06-11T20:25:42.605477 #11191] DEBUG -- : 15000
D, [2015-06-11T20:25:55.638388 #11191] DEBUG -- : 16000
D, [2015-06-11T20:26:07.483700 #11191] DEBUG -- : 17000
D, [2015-06-11T20:26:19.956904 #11191] DEBUG -- : 18000
D, [2015-06-11T20:26:31.264467 #11191] DEBUG -- : 19000
D, [2015-06-11T20:26:45.140941 #11191] DEBUG -- : 20000
D, [2015-06-11T20:26:45.142692 #11191] DEBUG -- : training model...
